<?xml version="1.0" encoding="UTF-8"?>
<testsuites>
	<testsuite name="test.DriverBoardTests-20250407010532" tests="3" file="test.py" time="3.011" timestamp="2025-04-07T01:05:35" failures="0" errors="0" skipped="0">
		<testcase classname="test.DriverBoardTests" name="test_bms_strobe" time="1.008" timestamp="2025-04-07T01:05:33" file="/home/solarcar/solarcar/Rivanna3/DriverBoard/tests/test.py" line="45">
			<system-out><![CDATA[True
False
True
]]></system-out>
		</testcase>
		<testcase classname="test.DriverBoardTests" name="test_failing_test_right_turn_signal" time="0.000" timestamp="2025-04-07T01:05:33" file="/home/solarcar/solarcar/Rivanna3/DriverBoard/tests/test.py" line="78"/>
		<testcase classname="test.DriverBoardTests" name="test_turn_signals" time="2.002" timestamp="2025-04-07T01:05:35" file="/home/solarcar/solarcar/Rivanna3/DriverBoard/tests/test.py" line="13"/>
	</testsuite>
</testsuites>
